<?xml version="1.0" encoding="UTF-8"?>
<!-- Generated by org.testng.reporters.JUnitXMLReporter -->
<testsuite ignored="0" hostname="DESKTOP-C036CLP" failures="3" tests="4" name="Test" time="4.506" errors="0" timestamp="2025-01-06T19:56:47 IST">
  <testcase classname="Day8.CreateUser" name="createUser" time="4.347"/>
  <testcase classname="Day8.GetUser" name="getUser" time="0.005">
    <failure type="java.lang.NullPointerException" message="Cannot invoke &amp;quot;java.lang.Integer.intValue()&amp;quot; because the return value of &amp;quot;org.testng.ISuite.getAttribute(String)&amp;quot; is null">
      <![CDATA[java.lang.NullPointerException: Cannot invoke "java.lang.Integer.intValue()" because the return value of "org.testng.ISuite.getAttribute(String)" is null
at Day8.GetUser.getUser(GetUser.java:18)
at java.base/java.util.ArrayList.forEach(ArrayList.java:1597)
... Removed 25 stack frames]]>
    </failure>
  </testcase> <!-- getUser -->
  <testcase classname="Day8.UpdateUser" name="updateUser" time="0.074">
    <failure type="java.lang.NullPointerException" message="Cannot invoke &amp;quot;java.lang.Integer.intValue()&amp;quot; because the return value of &amp;quot;org.testng.ISuite.getAttribute(String)&amp;quot; is null">
      <![CDATA[java.lang.NullPointerException: Cannot invoke "java.lang.Integer.intValue()" because the return value of "org.testng.ISuite.getAttribute(String)" is null
at Day8.UpdateUser.updateUser(UpdateUser.java:32)
at java.base/java.util.ArrayList.forEach(ArrayList.java:1597)
... Removed 25 stack frames]]>
    </failure>
  </testcase> <!-- updateUser -->
  <testcase classname="Day8.DeleteUser" name="deleteUser" time="0.008">
    <failure type="java.lang.NullPointerException" message="Cannot invoke &amp;quot;java.lang.Integer.intValue()&amp;quot; because the return value of &amp;quot;org.testng.ISuite.getAttribute(String)&amp;quot; is null">
      <![CDATA[java.lang.NullPointerException: Cannot invoke "java.lang.Integer.intValue()" because the return value of "org.testng.ISuite.getAttribute(String)" is null
at Day8.DeleteUser.deleteUser(DeleteUser.java:18)
at java.base/java.util.ArrayList.forEach(ArrayList.java:1597)
... Removed 25 stack frames]]>
    </failure>
  </testcase> <!-- deleteUser -->
</testsuite> <!-- Test -->
